[19-Dec-2014 09:31:52 America/Sao_Paulo] PHP Notice:  Array to string conversion in /media/candidosouza/Claudia/Vagrant/code-education/07-DOCTRINE/03-projeto/vendor/twig/twig/lib/Twig/Environment.php(331) : eval()'d code on line 509
[19-Dec-2014 09:31:52 America/Sao_Paulo] PHP Stack trace:
[19-Dec-2014 09:31:52 America/Sao_Paulo] PHP   1. {main}() /media/candidosouza/Claudia/Vagrant/code-education/07-DOCTRINE/03-projeto/public/index.php:0
[19-Dec-2014 09:31:52 America/Sao_Paulo] PHP   2. Silex\Application->run() /media/candidosouza/Claudia/Vagrant/code-education/07-DOCTRINE/03-projeto/public/index.php:22
[19-Dec-2014 09:31:52 America/Sao_Paulo] PHP   3. Silex\Application->handle() /media/candidosouza/Claudia/Vagrant/code-education/07-DOCTRINE/03-projeto/vendor/silex/silex/src/Silex/Application.php:515
[19-Dec-2014 09:31:52 America/Sao_Paulo] PHP   4. Symfony\Component\HttpKernel\HttpKernel->handle() /media/candidosouza/Claudia/Vagrant/code-education/07-DOCTRINE/03-projeto/vendor/silex/silex/src/Silex/Application.php:538
[19-Dec-2014 09:31:52 America/Sao_Paulo] PHP   5. Symfony\Component\HttpKernel\HttpKernel->handleRaw() /media/candidosouza/Claudia/Vagrant/code-education/07-DOCTRINE/03-projeto/vendor/symfony/http-kernel/Symfony/Component/HttpKernel/HttpKernel.php:66
[19-Dec-2014 09:31:52 America/Sao_Paulo] PHP   6. call_user_func_array() /media/candidosouza/Claudia/Vagrant/code-education/07-DOCTRINE/03-projeto/vendor/symfony/http-kernel/Symfony/Component/HttpKernel/HttpKernel.php:145
[19-Dec-2014 09:31:52 America/Sao_Paulo] PHP   7. Products\Products\Controllers\ProductsController->Products\Products\Controllers\{closure}() /media/candidosouza/Claudia/Vagrant/code-education/07-DOCTRINE/03-projeto/vendor/symfony/http-kernel/Symfony/Component/HttpKernel/HttpKernel.php:145
[19-Dec-2014 09:31:52 America/Sao_Paulo] PHP   8. Twig_Environment->render() /media/candidosouza/Claudia/Vagrant/code-education/07-DOCTRINE/03-projeto/src/Products/Products/Controllers/ProductsController.php:159
[19-Dec-2014 09:31:52 America/Sao_Paulo] PHP   9. Twig_Template->render() /media/candidosouza/Claudia/Vagrant/code-education/07-DOCTRINE/03-projeto/vendor/twig/twig/lib/Twig/Environment.php:292
[19-Dec-2014 09:31:52 America/Sao_Paulo] PHP  10. Twig_Template->display() /media/candidosouza/Claudia/Vagrant/code-education/07-DOCTRINE/03-projeto/vendor/twig/twig/lib/Twig/Template.php:264
[19-Dec-2014 09:31:52 America/Sao_Paulo] PHP  11. Twig_Template->displayWithErrorHandling() /media/candidosouza/Claudia/Vagrant/code-education/07-DOCTRINE/03-projeto/vendor/twig/twig/lib/Twig/Template.php:253
[19-Dec-2014 09:31:52 America/Sao_Paulo] PHP  12. __TwigTemplate_4671f2e7a39006cc9a9bf5ec323f61eba2fabc4a5fe4e6e0856ae7f4de4258c8->doDisplay() /media/candidosouza/Claudia/Vagrant/code-education/07-DOCTRINE/03-projeto/vendor/twig/twig/lib/Twig/Template.php:279
[19-Dec-2014 09:31:52 America/Sao_Paulo] PHP  13. Twig_Template->display() /media/candidosouza/Claudia/Vagrant/code-education/07-DOCTRINE/03-projeto/vendor/twig/twig/lib/Twig/Environment.php(331) : eval()'d code:25
[19-Dec-2014 09:31:52 America/Sao_Paulo] PHP  14. Twig_Template->displayWithErrorHandling() /media/candidosouza/Claudia/Vagrant/code-education/07-DOCTRINE/03-projeto/vendor/twig/twig/lib/Twig/Template.php:253
[19-Dec-2014 09:31:52 America/Sao_Paulo] PHP  15. __TwigTemplate_b759f3d1062fcc4968a9caf3d9ce28b0347728fd8e093ce2194e4e4bb19778db->doDisplay() /media/candidosouza/Claudia/Vagrant/code-education/07-DOCTRINE/03-projeto/vendor/twig/twig/lib/Twig/Template.php:279
[19-Dec-2014 09:31:52 America/Sao_Paulo] PHP  16. Twig_Template->displayBlock() /media/candidosouza/Claudia/Vagrant/code-education/07-DOCTRINE/03-projeto/vendor/twig/twig/lib/Twig/Environment.php(331) : eval()'d code:56
[19-Dec-2014 09:31:52 America/Sao_Paulo] PHP  17. __TwigTemplate_4671f2e7a39006cc9a9bf5ec323f61eba2fabc4a5fe4e6e0856ae7f4de4258c8->block_content() /media/candidosouza/Claudia/Vagrant/code-education/07-DOCTRINE/03-projeto/vendor/twig/twig/lib/Twig/Template.php:144
[19-Dec-2014 09:31:52 America/Sao_Paulo] PHP  18. Symfony\Component\Form\FormRenderer->searchAndRenderBlock() /media/candidosouza/Claudia/Vagrant/code-education/07-DOCTRINE/03-projeto/vendor/twig/twig/lib/Twig/Environment.php(331) : eval()'d code:50
[19-Dec-2014 09:31:52 America/Sao_Paulo] PHP  19. Symfony\Bridge\Twig\Form\TwigRendererEngine->renderBlock() /media/candidosouza/Claudia/Vagrant/code-education/07-DOCTRINE/03-projeto/vendor/symfony/form/Symfony/Component/Form/FormRenderer.php:291
[19-Dec-2014 09:31:52 America/Sao_Paulo] PHP  20. Twig_Template->displayBlock() /media/candidosouza/Claudia/Vagrant/code-education/07-DOCTRINE/03-projeto/vendor/symfony/twig-bridge/Symfony/Bridge/Twig/Form/TwigRendererEngine.php:58
[19-Dec-2014 09:31:52 America/Sao_Paulo] PHP  21. __TwigTemplate_8675d63b629e2af587831d4283b7a9508bfe5d9263506db9843c579b76465bf6->block_form_widget() /media/candidosouza/Claudia/Vagrant/code-education/07-DOCTRINE/03-projeto/vendor/twig/twig/lib/Twig/Template.php:144
[19-Dec-2014 09:31:52 America/Sao_Paulo] PHP  22. Twig_Template->displayBlock() /media/candidosouza/Claudia/Vagrant/code-education/07-DOCTRINE/03-projeto/vendor/twig/twig/lib/Twig/Environment.php(331) : eval()'d code:287
[19-Dec-2014 09:31:52 America/Sao_Paulo] PHP  23. __TwigTemplate_8675d63b629e2af587831d4283b7a9508bfe5d9263506db9843c579b76465bf6->block_form_widget_compound() /media/candidosouza/Claudia/Vagrant/code-education/07-DOCTRINE/03-projeto/vendor/twig/twig/lib/Twig/Template.php:144
[19-Dec-2014 09:31:52 America/Sao_Paulo] PHP  24. Twig_Template->displayBlock() /media/candidosouza/Claudia/Vagrant/code-education/07-DOCTRINE/03-projeto/vendor/twig/twig/lib/Twig/Environment.php(331) : eval()'d code:326
[19-Dec-2014 09:31:52 America/Sao_Paulo] PHP  25. __TwigTemplate_8675d63b629e2af587831d4283b7a9508bfe5d9263506db9843c579b76465bf6->block_form_rows() /media/candidosouza/Claudia/Vagrant/code-education/07-DOCTRINE/03-projeto/vendor/twig/twig/lib/Twig/Template.php:144
[19-Dec-2014 09:31:52 America/Sao_Paulo] PHP  26. Symfony\Component\Form\FormRenderer->searchAndRenderBlock() /media/candidosouza/Claudia/Vagrant/code-education/07-DOCTRINE/03-projeto/vendor/twig/twig/lib/Twig/Environment.php(331) : eval()'d code:955
[19-Dec-2014 09:31:52 America/Sao_Paulo] PHP  27. Symfony\Bridge\Twig\Form\TwigRendererEngine->renderBlock() /media/candidosouza/Claudia/Vagrant/code-education/07-DOCTRINE/03-projeto/vendor/symfony/form/Symfony/Component/Form/FormRenderer.php:291
[19-Dec-2014 09:31:52 America/Sao_Paulo] PHP  28. Twig_Template->displayBlock() /media/candidosouza/Claudia/Vagrant/code-education/07-DOCTRINE/03-projeto/vendor/symfony/twig-bridge/Symfony/Bridge/Twig/Form/TwigRendererEngine.php:58
[19-Dec-2014 09:31:52 America/Sao_Paulo] PHP  29. __TwigTemplate_8675d63b629e2af587831d4283b7a9508bfe5d9263506db9843c579b76465bf6->block_form_row() /media/candidosouza/Claudia/Vagrant/code-education/07-DOCTRINE/03-projeto/vendor/twig/twig/lib/Twig/Template.php:144
[19-Dec-2014 09:31:52 America/Sao_Paulo] PHP  30. Symfony\Component\Form\FormRenderer->searchAndRenderBlock() /media/candidosouza/Claudia/Vagrant/code-education/07-DOCTRINE/03-projeto/vendor/twig/twig/lib/Twig/Environment.php(331) : eval()'d code:804
[19-Dec-2014 09:31:52 America/Sao_Paulo] PHP  31. Symfony\Bridge\Twig\Form\TwigRendererEngine->renderBlock() /media/candidosouza/Claudia/Vagrant/code-education/07-DOCTRINE/03-projeto/vendor/symfony/form/Symfony/Component/Form/FormRenderer.php:291
[19-Dec-2014 09:31:52 America/Sao_Paulo] PHP  32. Twig_Template->displayBlock() /media/candidosouza/Claudia/Vagrant/code-education/07-DOCTRINE/03-projeto/vendor/symfony/twig-bridge/Symfony/Bridge/Twig/Form/TwigRendererEngine.php:58
[19-Dec-2014 09:31:52 America/Sao_Paulo] PHP  33. __TwigTemplate_8675d63b629e2af587831d4283b7a9508bfe5d9263506db9843c579b76465bf6->block_checkbox_widget() /media/candidosouza/Claudia/Vagrant/code-education/07-DOCTRINE/03-projeto/vendor/twig/twig/lib/Twig/Template.php:144
[19-Dec-2014 09:31:59 America/Sao_Paulo] PHP Notice:  Array to string conversion in /media/candidosouza/Claudia/Vagrant/code-education/07-DOCTRINE/03-projeto/vendor/twig/twig/lib/Twig/Environment.php(331) : eval()'d code on line 509
[19-Dec-2014 09:31:59 America/Sao_Paulo] PHP Stack trace:
[19-Dec-2014 09:31:59 America/Sao_Paulo] PHP   1. {main}() /media/candidosouza/Claudia/Vagrant/code-education/07-DOCTRINE/03-projeto/public/index.php:0
[19-Dec-2014 09:31:59 America/Sao_Paulo] PHP   2. Silex\Application->run() /media/candidosouza/Claudia/Vagrant/code-education/07-DOCTRINE/03-projeto/public/index.php:22
[19-Dec-2014 09:31:59 America/Sao_Paulo] PHP   3. Silex\Application->handle() /media/candidosouza/Claudia/Vagrant/code-education/07-DOCTRINE/03-projeto/vendor/silex/silex/src/Silex/Application.php:515
[19-Dec-2014 09:31:59 America/Sao_Paulo] PHP   4. Symfony\Component\HttpKernel\HttpKernel->handle() /media/candidosouza/Claudia/Vagrant/code-education/07-DOCTRINE/03-projeto/vendor/silex/silex/src/Silex/Application.php:538
[19-Dec-2014 09:31:59 America/Sao_Paulo] PHP   5. Symfony\Component\HttpKernel\HttpKernel->handleRaw() /media/candidosouza/Claudia/Vagrant/code-education/07-DOCTRINE/03-projeto/vendor/symfony/http-kernel/Symfony/Component/HttpKernel/HttpKernel.php:66
[19-Dec-2014 09:31:59 America/Sao_Paulo] PHP   6. call_user_func_array() /media/candidosouza/Claudia/Vagrant/code-education/07-DOCTRINE/03-projeto/vendor/symfony/http-kernel/Symfony/Component/HttpKernel/HttpKernel.php:145
[19-Dec-2014 09:31:59 America/Sao_Paulo] PHP   7. Products\Products\Controllers\ProductsController->Products\Products\Controllers\{closure}() /media/candidosouza/Claudia/Vagrant/code-education/07-DOCTRINE/03-projeto/vendor/symfony/http-kernel/Symfony/Component/HttpKernel/HttpKernel.php:145
[19-Dec-2014 09:31:59 America/Sao_Paulo] PHP   8. Twig_Environment->render() /media/candidosouza/Claudia/Vagrant/code-education/07-DOCTRINE/03-projeto/src/Products/Products/Controllers/ProductsController.php:159
[19-Dec-2014 09:31:59 America/Sao_Paulo] PHP   9. Twig_Template->render() /media/candidosouza/Claudia/Vagrant/code-education/07-DOCTRINE/03-projeto/vendor/twig/twig/lib/Twig/Environment.php:292
[19-Dec-2014 09:31:59 America/Sao_Paulo] PHP  10. Twig_Template->display() /media/candidosouza/Claudia/Vagrant/code-education/07-DOCTRINE/03-projeto/vendor/twig/twig/lib/Twig/Template.php:264
[19-Dec-2014 09:31:59 America/Sao_Paulo] PHP  11. Twig_Template->displayWithErrorHandling() /media/candidosouza/Claudia/Vagrant/code-education/07-DOCTRINE/03-projeto/vendor/twig/twig/lib/Twig/Template.php:253
[19-Dec-2014 09:31:59 America/Sao_Paulo] PHP  12. __TwigTemplate_4671f2e7a39006cc9a9bf5ec323f61eba2fabc4a5fe4e6e0856ae7f4de4258c8->doDisplay() /media/candidosouza/Claudia/Vagrant/code-education/07-DOCTRINE/03-projeto/vendor/twig/twig/lib/Twig/Template.php:279
[19-Dec-2014 09:31:59 America/Sao_Paulo] PHP  13. Twig_Template->display() /media/candidosouza/Claudia/Vagrant/code-education/07-DOCTRINE/03-projeto/vendor/twig/twig/lib/Twig/Environment.php(331) : eval()'d code:25
[19-Dec-2014 09:31:59 America/Sao_Paulo] PHP  14. Twig_Template->displayWithErrorHandling() /media/candidosouza/Claudia/Vagrant/code-education/07-DOCTRINE/03-projeto/vendor/twig/twig/lib/Twig/Template.php:253
[19-Dec-2014 09:31:59 America/Sao_Paulo] PHP  15. __TwigTemplate_b759f3d1062fcc4968a9caf3d9ce28b0347728fd8e093ce2194e4e4bb19778db->doDisplay() /media/candidosouza/Claudia/Vagrant/code-education/07-DOCTRINE/03-projeto/vendor/twig/twig/lib/Twig/Template.php:279
[19-Dec-2014 09:31:59 America/Sao_Paulo] PHP  16. Twig_Template->displayBlock() /media/candidosouza/Claudia/Vagrant/code-education/07-DOCTRINE/03-projeto/vendor/twig/twig/lib/Twig/Environment.php(331) : eval()'d code:56
[19-Dec-2014 09:31:59 America/Sao_Paulo] PHP  17. __TwigTemplate_4671f2e7a39006cc9a9bf5ec323f61eba2fabc4a5fe4e6e0856ae7f4de4258c8->block_content() /media/candidosouza/Claudia/Vagrant/code-education/07-DOCTRINE/03-projeto/vendor/twig/twig/lib/Twig/Template.php:144
[19-Dec-2014 09:31:59 America/Sao_Paulo] PHP  18. Symfony\Component\Form\FormRenderer->searchAndRenderBlock() /media/candidosouza/Claudia/Vagrant/code-education/07-DOCTRINE/03-projeto/vendor/twig/twig/lib/Twig/Environment.php(331) : eval()'d code:50
[19-Dec-2014 09:31:59 America/Sao_Paulo] PHP  19. Symfony\Bridge\Twig\Form\TwigRendererEngine->renderBlock() /media/candidosouza/Claudia/Vagrant/code-education/07-DOCTRINE/03-projeto/vendor/symfony/form/Symfony/Component/Form/FormRenderer.php:291
[19-Dec-2014 09:31:59 America/Sao_Paulo] PHP  20. Twig_Template->displayBlock() /media/candidosouza/Claudia/Vagrant/code-education/07-DOCTRINE/03-projeto/vendor/symfony/twig-bridge/Symfony/Bridge/Twig/Form/TwigRendererEngine.php:58
[19-Dec-2014 09:31:59 America/Sao_Paulo] PHP  21. __TwigTemplate_8675d63b629e2af587831d4283b7a9508bfe5d9263506db9843c579b76465bf6->block_form_widget() /media/candidosouza/Claudia/Vagrant/code-education/07-DOCTRINE/03-projeto/vendor/twig/twig/lib/Twig/Template.php:144
[19-Dec-2014 09:31:59 America/Sao_Paulo] PHP  22. Twig_Template->displayBlock() /media/candidosouza/Claudia/Vagrant/code-education/07-DOCTRINE/03-projeto/vendor/twig/twig/lib/Twig/Environment.php(331) : eval()'d code:287
[19-Dec-2014 09:31:59 America/Sao_Paulo] PHP  23. __TwigTemplate_8675d63b629e2af587831d4283b7a9508bfe5d9263506db9843c579b76465bf6->block_form_widget_compound() /media/candidosouza/Claudia/Vagrant/code-education/07-DOCTRINE/03-projeto/vendor/twig/twig/lib/Twig/Template.php:144
[19-Dec-2014 09:31:59 America/Sao_Paulo] PHP  24. Twig_Template->displayBlock() /media/candidosouza/Claudia/Vagrant/code-education/07-DOCTRINE/03-projeto/vendor/twig/twig/lib/Twig/Environment.php(331) : eval()'d code:326
[19-Dec-2014 09:31:59 America/Sao_Paulo] PHP  25. __TwigTemplate_8675d63b629e2af587831d4283b7a9508bfe5d9263506db9843c579b76465bf6->block_form_rows() /media/candidosouza/Claudia/Vagrant/code-education/07-DOCTRINE/03-projeto/vendor/twig/twig/lib/Twig/Template.php:144
[19-Dec-2014 09:31:59 America/Sao_Paulo] PHP  26. Symfony\Component\Form\FormRenderer->searchAndRenderBlock() /media/candidosouza/Claudia/Vagrant/code-education/07-DOCTRINE/03-projeto/vendor/twig/twig/lib/Twig/Environment.php(331) : eval()'d code:955
[19-Dec-2014 09:31:59 America/Sao_Paulo] PHP  27. Symfony\Bridge\Twig\Form\TwigRendererEngine->renderBlock() /media/candidosouza/Claudia/Vagrant/code-education/07-DOCTRINE/03-projeto/vendor/symfony/form/Symfony/Component/Form/FormRenderer.php:291
[19-Dec-2014 09:31:59 America/Sao_Paulo] PHP  28. Twig_Template->displayBlock() /media/candidosouza/Claudia/Vagrant/code-education/07-DOCTRINE/03-projeto/vendor/symfony/twig-bridge/Symfony/Bridge/Twig/Form/TwigRendererEngine.php:58
[19-Dec-2014 09:31:59 America/Sao_Paulo] PHP  29. __TwigTemplate_8675d63b629e2af587831d4283b7a9508bfe5d9263506db9843c579b76465bf6->block_form_row() /media/candidosouza/Claudia/Vagrant/code-education/07-DOCTRINE/03-projeto/vendor/twig/twig/lib/Twig/Template.php:144
[19-Dec-2014 09:31:59 America/Sao_Paulo] PHP  30. Symfony\Component\Form\FormRenderer->searchAndRenderBlock() /media/candidosouza/Claudia/Vagrant/code-education/07-DOCTRINE/03-projeto/vendor/twig/twig/lib/Twig/Environment.php(331) : eval()'d code:804
[19-Dec-2014 09:31:59 America/Sao_Paulo] PHP  31. Symfony\Bridge\Twig\Form\TwigRendererEngine->renderBlock() /media/candidosouza/Claudia/Vagrant/code-education/07-DOCTRINE/03-projeto/vendor/symfony/form/Symfony/Component/Form/FormRenderer.php:291
[19-Dec-2014 09:31:59 America/Sao_Paulo] PHP  32. Twig_Template->displayBlock() /media/candidosouza/Claudia/Vagrant/code-education/07-DOCTRINE/03-projeto/vendor/symfony/twig-bridge/Symfony/Bridge/Twig/Form/TwigRendererEngine.php:58
[19-Dec-2014 09:31:59 America/Sao_Paulo] PHP  33. __TwigTemplate_8675d63b629e2af587831d4283b7a9508bfe5d9263506db9843c579b76465bf6->block_checkbox_widget() /media/candidosouza/Claudia/Vagrant/code-education/07-DOCTRINE/03-projeto/vendor/twig/twig/lib/Twig/Template.php:144
[19-Dec-2014 09:32:22 America/Sao_Paulo] PHP Notice:  Array to string conversion in /media/candidosouza/Claudia/Vagrant/code-education/07-DOCTRINE/03-projeto/vendor/twig/twig/lib/Twig/Environment.php(331) : eval()'d code on line 509
[19-Dec-2014 09:32:22 America/Sao_Paulo] PHP Stack trace:
[19-Dec-2014 09:32:22 America/Sao_Paulo] PHP   1. {main}() /media/candidosouza/Claudia/Vagrant/code-education/07-DOCTRINE/03-projeto/public/index.php:0
[19-Dec-2014 09:32:22 America/Sao_Paulo] PHP   2. Silex\Application->run() /media/candidosouza/Claudia/Vagrant/code-education/07-DOCTRINE/03-projeto/public/index.php:22
[19-Dec-2014 09:32:22 America/Sao_Paulo] PHP   3. Silex\Application->handle() /media/candidosouza/Claudia/Vagrant/code-education/07-DOCTRINE/03-projeto/vendor/silex/silex/src/Silex/Application.php:515
[19-Dec-2014 09:32:22 America/Sao_Paulo] PHP   4. Symfony\Component\HttpKernel\HttpKernel->handle() /media/candidosouza/Claudia/Vagrant/code-education/07-DOCTRINE/03-projeto/vendor/silex/silex/src/Silex/Application.php:538
[19-Dec-2014 09:32:22 America/Sao_Paulo] PHP   5. Symfony\Component\HttpKernel\HttpKernel->handleRaw() /media/candidosouza/Claudia/Vagrant/code-education/07-DOCTRINE/03-projeto/vendor/symfony/http-kernel/Symfony/Component/HttpKernel/HttpKernel.php:66
[19-Dec-2014 09:32:22 America/Sao_Paulo] PHP   6. call_user_func_array() /media/candidosouza/Claudia/Vagrant/code-education/07-DOCTRINE/03-projeto/vendor/symfony/http-kernel/Symfony/Component/HttpKernel/HttpKernel.php:145
[19-Dec-2014 09:32:22 America/Sao_Paulo] PHP   7. Products\Products\Controllers\ProductsController->Products\Products\Controllers\{closure}() /media/candidosouza/Claudia/Vagrant/code-education/07-DOCTRINE/03-projeto/vendor/symfony/http-kernel/Symfony/Component/HttpKernel/HttpKernel.php:145
[19-Dec-2014 09:32:22 America/Sao_Paulo] PHP   8. Twig_Environment->render() /media/candidosouza/Claudia/Vagrant/code-education/07-DOCTRINE/03-projeto/src/Products/Products/Controllers/ProductsController.php:160
[19-Dec-2014 09:32:22 America/Sao_Paulo] PHP   9. Twig_Template->render() /media/candidosouza/Claudia/Vagrant/code-education/07-DOCTRINE/03-projeto/vendor/twig/twig/lib/Twig/Environment.php:292
[19-Dec-2014 09:32:22 America/Sao_Paulo] PHP  10. Twig_Template->display() /media/candidosouza/Claudia/Vagrant/code-education/07-DOCTRINE/03-projeto/vendor/twig/twig/lib/Twig/Template.php:264
[19-Dec-2014 09:32:22 America/Sao_Paulo] PHP  11. Twig_Template->displayWithErrorHandling() /media/candidosouza/Claudia/Vagrant/code-education/07-DOCTRINE/03-projeto/vendor/twig/twig/lib/Twig/Template.php:253
[19-Dec-2014 09:32:22 America/Sao_Paulo] PHP  12. __TwigTemplate_4671f2e7a39006cc9a9bf5ec323f61eba2fabc4a5fe4e6e0856ae7f4de4258c8->doDisplay() /media/candidosouza/Claudia/Vagrant/code-education/07-DOCTRINE/03-projeto/vendor/twig/twig/lib/Twig/Template.php:279
[19-Dec-2014 09:32:22 America/Sao_Paulo] PHP  13. Twig_Template->display() /media/candidosouza/Claudia/Vagrant/code-education/07-DOCTRINE/03-projeto/vendor/twig/twig/lib/Twig/Environment.php(331) : eval()'d code:25
[19-Dec-2014 09:32:22 America/Sao_Paulo] PHP  14. Twig_Template->displayWithErrorHandling() /media/candidosouza/Claudia/Vagrant/code-education/07-DOCTRINE/03-projeto/vendor/twig/twig/lib/Twig/Template.php:253
[19-Dec-2014 09:32:22 America/Sao_Paulo] PHP  15. __TwigTemplate_b759f3d1062fcc4968a9caf3d9ce28b0347728fd8e093ce2194e4e4bb19778db->doDisplay() /media/candidosouza/Claudia/Vagrant/code-education/07-DOCTRINE/03-projeto/vendor/twig/twig/lib/Twig/Template.php:279
[19-Dec-2014 09:32:22 America/Sao_Paulo] PHP  16. Twig_Template->displayBlock() /media/candidosouza/Claudia/Vagrant/code-education/07-DOCTRINE/03-projeto/vendor/twig/twig/lib/Twig/Environment.php(331) : eval()'d code:56
[19-Dec-2014 09:32:22 America/Sao_Paulo] PHP  17. __TwigTemplate_4671f2e7a39006cc9a9bf5ec323f61eba2fabc4a5fe4e6e0856ae7f4de4258c8->block_content() /media/candidosouza/Claudia/Vagrant/code-education/07-DOCTRINE/03-projeto/vendor/twig/twig/lib/Twig/Template.php:144
[19-Dec-2014 09:32:22 America/Sao_Paulo] PHP  18. Symfony\Component\Form\FormRenderer->searchAndRenderBlock() /media/candidosouza/Claudia/Vagrant/code-education/07-DOCTRINE/03-projeto/vendor/twig/twig/lib/Twig/Environment.php(331) : eval()'d code:50
[19-Dec-2014 09:32:22 America/Sao_Paulo] PHP  19. Symfony\Bridge\Twig\Form\TwigRendererEngine->renderBlock() /media/candidosouza/Claudia/Vagrant/code-education/07-DOCTRINE/03-projeto/vendor/symfony/form/Symfony/Component/Form/FormRenderer.php:291
[19-Dec-2014 09:32:22 America/Sao_Paulo] PHP  20. Twig_Template->displayBlock() /media/candidosouza/Claudia/Vagrant/code-education/07-DOCTRINE/03-projeto/vendor/symfony/twig-bridge/Symfony/Bridge/Twig/Form/TwigRendererEngine.php:58
[19-Dec-2014 09:32:22 America/Sao_Paulo] PHP  21. __TwigTemplate_8675d63b629e2af587831d4283b7a9508bfe5d9263506db9843c579b76465bf6->block_form_widget() /media/candidosouza/Claudia/Vagrant/code-education/07-DOCTRINE/03-projeto/vendor/twig/twig/lib/Twig/Template.php:144
[19-Dec-2014 09:32:22 America/Sao_Paulo] PHP  22. Twig_Template->displayBlock() /media/candidosouza/Claudia/Vagrant/code-education/07-DOCTRINE/03-projeto/vendor/twig/twig/lib/Twig/Environment.php(331) : eval()'d code:287
[19-Dec-2014 09:32:22 America/Sao_Paulo] PHP  23. __TwigTemplate_8675d63b629e2af587831d4283b7a9508bfe5d9263506db9843c579b76465bf6->block_form_widget_compound() /media/candidosouza/Claudia/Vagrant/code-education/07-DOCTRINE/03-projeto/vendor/twig/twig/lib/Twig/Template.php:144
[19-Dec-2014 09:32:22 America/Sao_Paulo] PHP  24. Twig_Template->displayBlock() /media/candidosouza/Claudia/Vagrant/code-education/07-DOCTRINE/03-projeto/vendor/twig/twig/lib/Twig/Environment.php(331) : eval()'d code:326
[19-Dec-2014 09:32:22 America/Sao_Paulo] PHP  25. __TwigTemplate_8675d63b629e2af587831d4283b7a9508bfe5d9263506db9843c579b76465bf6->block_form_rows() /media/candidosouza/Claudia/Vagrant/code-education/07-DOCTRINE/03-projeto/vendor/twig/twig/lib/Twig/Template.php:144
[19-Dec-2014 09:32:22 America/Sao_Paulo] PHP  26. Symfony\Component\Form\FormRenderer->searchAndRenderBlock() /media/candidosouza/Claudia/Vagrant/code-education/07-DOCTRINE/03-projeto/vendor/twig/twig/lib/Twig/Environment.php(331) : eval()'d code:955
[19-Dec-2014 09:32:22 America/Sao_Paulo] PHP  27. Symfony\Bridge\Twig\Form\TwigRendererEngine->renderBlock() /media/candidosouza/Claudia/Vagrant/code-education/07-DOCTRINE/03-projeto/vendor/symfony/form/Symfony/Component/Form/FormRenderer.php:291
[19-Dec-2014 09:32:22 America/Sao_Paulo] PHP  28. Twig_Template->displayBlock() /media/candidosouza/Claudia/Vagrant/code-education/07-DOCTRINE/03-projeto/vendor/symfony/twig-bridge/Symfony/Bridge/Twig/Form/TwigRendererEngine.php:58
[19-Dec-2014 09:32:22 America/Sao_Paulo] PHP  29. __TwigTemplate_8675d63b629e2af587831d4283b7a9508bfe5d9263506db9843c579b76465bf6->block_form_row() /media/candidosouza/Claudia/Vagrant/code-education/07-DOCTRINE/03-projeto/vendor/twig/twig/lib/Twig/Template.php:144
[19-Dec-2014 09:32:22 America/Sao_Paulo] PHP  30. Symfony\Component\Form\FormRenderer->searchAndRenderBlock() /media/candidosouza/Claudia/Vagrant/code-education/07-DOCTRINE/03-projeto/vendor/twig/twig/lib/Twig/Environment.php(331) : eval()'d code:804
[19-Dec-2014 09:32:22 America/Sao_Paulo] PHP  31. Symfony\Bridge\Twig\Form\TwigRendererEngine->renderBlock() /media/candidosouza/Claudia/Vagrant/code-education/07-DOCTRINE/03-projeto/vendor/symfony/form/Symfony/Component/Form/FormRenderer.php:291
[19-Dec-2014 09:32:22 America/Sao_Paulo] PHP  32. Twig_Template->displayBlock() /media/candidosouza/Claudia/Vagrant/code-education/07-DOCTRINE/03-projeto/vendor/symfony/twig-bridge/Symfony/Bridge/Twig/Form/TwigRendererEngine.php:58
[19-Dec-2014 09:32:22 America/Sao_Paulo] PHP  33. __TwigTemplate_8675d63b629e2af587831d4283b7a9508bfe5d9263506db9843c579b76465bf6->block_checkbox_widget() /media/candidosouza/Claudia/Vagrant/code-education/07-DOCTRINE/03-projeto/vendor/twig/twig/lib/Twig/Template.php:144
[19-Dec-2014 09:35:15 America/Sao_Paulo] PHP Notice:  Array to string conversion in /media/candidosouza/Claudia/Vagrant/code-education/07-DOCTRINE/03-projeto/vendor/twig/twig/lib/Twig/Environment.php(331) : eval()'d code on line 509
[19-Dec-2014 09:35:15 America/Sao_Paulo] PHP Stack trace:
[19-Dec-2014 09:35:15 America/Sao_Paulo] PHP   1. {main}() /media/candidosouza/Claudia/Vagrant/code-education/07-DOCTRINE/03-projeto/public/index.php:0
[19-Dec-2014 09:35:15 America/Sao_Paulo] PHP   2. Silex\Application->run() /media/candidosouza/Claudia/Vagrant/code-education/07-DOCTRINE/03-projeto/public/index.php:22
[19-Dec-2014 09:35:15 America/Sao_Paulo] PHP   3. Silex\Application->handle() /media/candidosouza/Claudia/Vagrant/code-education/07-DOCTRINE/03-projeto/vendor/silex/silex/src/Silex/Application.php:515
[19-Dec-2014 09:35:15 America/Sao_Paulo] PHP   4. Symfony\Component\HttpKernel\HttpKernel->handle() /media/candidosouza/Claudia/Vagrant/code-education/07-DOCTRINE/03-projeto/vendor/silex/silex/src/Silex/Application.php:538
[19-Dec-2014 09:35:15 America/Sao_Paulo] PHP   5. Symfony\Component\HttpKernel\HttpKernel->handleRaw() /media/candidosouza/Claudia/Vagrant/code-education/07-DOCTRINE/03-projeto/vendor/symfony/http-kernel/Symfony/Component/HttpKernel/HttpKernel.php:66
[19-Dec-2014 09:35:15 America/Sao_Paulo] PHP   6. call_user_func_array() /media/candidosouza/Claudia/Vagrant/code-education/07-DOCTRINE/03-projeto/vendor/symfony/http-kernel/Symfony/Component/HttpKernel/HttpKernel.php:145
[19-Dec-2014 09:35:15 America/Sao_Paulo] PHP   7. Products\Products\Controllers\ProductsController->Products\Products\Controllers\{closure}() /media/candidosouza/Claudia/Vagrant/code-education/07-DOCTRINE/03-projeto/vendor/symfony/http-kernel/Symfony/Component/HttpKernel/HttpKernel.php:145
[19-Dec-2014 09:35:15 America/Sao_Paulo] PHP   8. Twig_Environment->render() /media/candidosouza/Claudia/Vagrant/code-education/07-DOCTRINE/03-projeto/src/Products/Products/Controllers/ProductsController.php:163
[19-Dec-2014 09:35:15 America/Sao_Paulo] PHP   9. Twig_Template->render() /media/candidosouza/Claudia/Vagrant/code-education/07-DOCTRINE/03-projeto/vendor/twig/twig/lib/Twig/Environment.php:292
[19-Dec-2014 09:35:15 America/Sao_Paulo] PHP  10. Twig_Template->display() /media/candidosouza/Claudia/Vagrant/code-education/07-DOCTRINE/03-projeto/vendor/twig/twig/lib/Twig/Template.php:264
[19-Dec-2014 09:35:15 America/Sao_Paulo] PHP  11. Twig_Template->displayWithErrorHandling() /media/candidosouza/Claudia/Vagrant/code-education/07-DOCTRINE/03-projeto/vendor/twig/twig/lib/Twig/Template.php:253
[19-Dec-2014 09:35:15 America/Sao_Paulo] PHP  12. __TwigTemplate_4671f2e7a39006cc9a9bf5ec323f61eba2fabc4a5fe4e6e0856ae7f4de4258c8->doDisplay() /media/candidosouza/Claudia/Vagrant/code-education/07-DOCTRINE/03-projeto/vendor/twig/twig/lib/Twig/Template.php:279
[19-Dec-2014 09:35:15 America/Sao_Paulo] PHP  13. Twig_Template->display() /media/candidosouza/Claudia/Vagrant/code-education/07-DOCTRINE/03-projeto/vendor/twig/twig/lib/Twig/Environment.php(331) : eval()'d code:25
[19-Dec-2014 09:35:15 America/Sao_Paulo] PHP  14. Twig_Template->displayWithErrorHandling() /media/candidosouza/Claudia/Vagrant/code-education/07-DOCTRINE/03-projeto/vendor/twig/twig/lib/Twig/Template.php:253
[19-Dec-2014 09:35:15 America/Sao_Paulo] PHP  15. __TwigTemplate_b759f3d1062fcc4968a9caf3d9ce28b0347728fd8e093ce2194e4e4bb19778db->doDisplay() /media/candidosouza/Claudia/Vagrant/code-education/07-DOCTRINE/03-projeto/vendor/twig/twig/lib/Twig/Template.php:279
[19-Dec-2014 09:35:15 America/Sao_Paulo] PHP  16. Twig_Template->displayBlock() /media/candidosouza/Claudia/Vagrant/code-education/07-DOCTRINE/03-projeto/vendor/twig/twig/lib/Twig/Environment.php(331) : eval()'d code:56
[19-Dec-2014 09:35:15 America/Sao_Paulo] PHP  17. __TwigTemplate_4671f2e7a39006cc9a9bf5ec323f61eba2fabc4a5fe4e6e0856ae7f4de4258c8->block_content() /media/candidosouza/Claudia/Vagrant/code-education/07-DOCTRINE/03-projeto/vendor/twig/twig/lib/Twig/Template.php:144
[19-Dec-2014 09:35:15 America/Sao_Paulo] PHP  18. Symfony\Component\Form\FormRenderer->searchAndRenderBlock() /media/candidosouza/Claudia/Vagrant/code-education/07-DOCTRINE/03-projeto/vendor/twig/twig/lib/Twig/Environment.php(331) : eval()'d code:50
[19-Dec-2014 09:35:15 America/Sao_Paulo] PHP  19. Symfony\Bridge\Twig\Form\TwigRendererEngine->renderBlock() /media/candidosouza/Claudia/Vagrant/code-education/07-DOCTRINE/03-projeto/vendor/symfony/form/Symfony/Component/Form/FormRenderer.php:291
[19-Dec-2014 09:35:15 America/Sao_Paulo] PHP  20. Twig_Template->displayBlock() /media/candidosouza/Claudia/Vagrant/code-education/07-DOCTRINE/03-projeto/vendor/symfony/twig-bridge/Symfony/Bridge/Twig/Form/TwigRendererEngine.php:58
[19-Dec-2014 09:35:15 America/Sao_Paulo] PHP  21. __TwigTemplate_8675d63b629e2af587831d4283b7a9508bfe5d9263506db9843c579b76465bf6->block_form_widget() /media/candidosouza/Claudia/Vagrant/code-education/07-DOCTRINE/03-projeto/vendor/twig/twig/lib/Twig/Template.php:144
[19-Dec-2014 09:35:15 America/Sao_Paulo] PHP  22. Twig_Template->displayBlock() /media/candidosouza/Claudia/Vagrant/code-education/07-DOCTRINE/03-projeto/vendor/twig/twig/lib/Twig/Environment.php(331) : eval()'d code:287
[19-Dec-2014 09:35:15 America/Sao_Paulo] PHP  23. __TwigTemplate_8675d63b629e2af587831d4283b7a9508bfe5d9263506db9843c579b76465bf6->block_form_widget_compound() /media/candidosouza/Claudia/Vagrant/code-education/07-DOCTRINE/03-projeto/vendor/twig/twig/lib/Twig/Template.php:144
[19-Dec-2014 09:35:15 America/Sao_Paulo] PHP  24. Twig_Template->displayBlock() /media/candidosouza/Claudia/Vagrant/code-education/07-DOCTRINE/03-projeto/vendor/twig/twig/lib/Twig/Environment.php(331) : eval()'d code:326
[19-Dec-2014 09:35:15 America/Sao_Paulo] PHP  25. __TwigTemplate_8675d63b629e2af587831d4283b7a9508bfe5d9263506db9843c579b76465bf6->block_form_rows() /media/candidosouza/Claudia/Vagrant/code-education/07-DOCTRINE/03-projeto/vendor/twig/twig/lib/Twig/Template.php:144
[19-Dec-2014 09:35:15 America/Sao_Paulo] PHP  26. Symfony\Component\Form\FormRenderer->searchAndRenderBlock() /media/candidosouza/Claudia/Vagrant/code-education/07-DOCTRINE/03-projeto/vendor/twig/twig/lib/Twig/Environment.php(331) : eval()'d code:955
[19-Dec-2014 09:35:15 America/Sao_Paulo] PHP  27. Symfony\Bridge\Twig\Form\TwigRendererEngine->renderBlock() /media/candidosouza/Claudia/Vagrant/code-education/07-DOCTRINE/03-projeto/vendor/symfony/form/Symfony/Component/Form/FormRenderer.php:291
[19-Dec-2014 09:35:15 America/Sao_Paulo] PHP  28. Twig_Template->displayBlock() /media/candidosouza/Claudia/Vagrant/code-education/07-DOCTRINE/03-projeto/vendor/symfony/twig-bridge/Symfony/Bridge/Twig/Form/TwigRendererEngine.php:58
[19-Dec-2014 09:35:15 America/Sao_Paulo] PHP  29. __TwigTemplate_8675d63b629e2af587831d4283b7a9508bfe5d9263506db9843c579b76465bf6->block_form_row() /media/candidosouza/Claudia/Vagrant/code-education/07-DOCTRINE/03-projeto/vendor/twig/twig/lib/Twig/Template.php:144
[19-Dec-2014 09:35:15 America/Sao_Paulo] PHP  30. Symfony\Component\Form\FormRenderer->searchAndRenderBlock() /media/candidosouza/Claudia/Vagrant/code-education/07-DOCTRINE/03-projeto/vendor/twig/twig/lib/Twig/Environment.php(331) : eval()'d code:804
[19-Dec-2014 09:35:15 America/Sao_Paulo] PHP  31. Symfony\Bridge\Twig\Form\TwigRendererEngine->renderBlock() /media/candidosouza/Claudia/Vagrant/code-education/07-DOCTRINE/03-projeto/vendor/symfony/form/Symfony/Component/Form/FormRenderer.php:291
[19-Dec-2014 09:35:15 America/Sao_Paulo] PHP  32. Twig_Template->displayBlock() /media/candidosouza/Claudia/Vagrant/code-education/07-DOCTRINE/03-projeto/vendor/symfony/twig-bridge/Symfony/Bridge/Twig/Form/TwigRendererEngine.php:58
[19-Dec-2014 09:35:15 America/Sao_Paulo] PHP  33. __TwigTemplate_8675d63b629e2af587831d4283b7a9508bfe5d9263506db9843c579b76465bf6->block_checkbox_widget() /media/candidosouza/Claudia/Vagrant/code-education/07-DOCTRINE/03-projeto/vendor/twig/twig/lib/Twig/Template.php:144
[19-Dec-2014 09:44:29 America/Sao_Paulo] PHP Notice:  Undefined index: tags in /media/candidosouza/Claudia/Vagrant/code-education/07-DOCTRINE/03-projeto/src/Products/Products/Service/ProductsServiceApi.php on line 48
[19-Dec-2014 09:44:29 America/Sao_Paulo] PHP Stack trace:
[19-Dec-2014 09:44:29 America/Sao_Paulo] PHP   1. {main}() /media/candidosouza/Claudia/Vagrant/code-education/07-DOCTRINE/03-projeto/public/index.php:0
[19-Dec-2014 09:44:29 America/Sao_Paulo] PHP   2. Silex\Application->run() /media/candidosouza/Claudia/Vagrant/code-education/07-DOCTRINE/03-projeto/public/index.php:22
[19-Dec-2014 09:44:29 America/Sao_Paulo] PHP   3. Silex\Application->handle() /media/candidosouza/Claudia/Vagrant/code-education/07-DOCTRINE/03-projeto/vendor/silex/silex/src/Silex/Application.php:515
[19-Dec-2014 09:44:29 America/Sao_Paulo] PHP   4. Symfony\Component\HttpKernel\HttpKernel->handle() /media/candidosouza/Claudia/Vagrant/code-education/07-DOCTRINE/03-projeto/vendor/silex/silex/src/Silex/Application.php:538
[19-Dec-2014 09:44:29 America/Sao_Paulo] PHP   5. Symfony\Component\HttpKernel\HttpKernel->handleRaw() /media/candidosouza/Claudia/Vagrant/code-education/07-DOCTRINE/03-projeto/vendor/symfony/http-kernel/Symfony/Component/HttpKernel/HttpKernel.php:66
[19-Dec-2014 09:44:29 America/Sao_Paulo] PHP   6. call_user_func_array() /media/candidosouza/Claudia/Vagrant/code-education/07-DOCTRINE/03-projeto/vendor/symfony/http-kernel/Symfony/Component/HttpKernel/HttpKernel.php:145
[19-Dec-2014 09:44:29 America/Sao_Paulo] PHP   7. Products\Products\Controllers\ProductsController->Products\Products\Controllers\{closure}() /media/candidosouza/Claudia/Vagrant/code-education/07-DOCTRINE/03-projeto/vendor/symfony/http-kernel/Symfony/Component/HttpKernel/HttpKernel.php:145
[19-Dec-2014 09:44:29 America/Sao_Paulo] PHP   8. Products\Products\Service\ProductsServiceApi->insert() /media/candidosouza/Claudia/Vagrant/code-education/07-DOCTRINE/03-projeto/src/Products/Products/Controllers/ProductsController.php:153
[19-Dec-2014 10:04:57 America/Sao_Paulo] PHP Notice:  Undefined index: tags in /media/candidosouza/Claudia/Vagrant/code-education/07-DOCTRINE/03-projeto/src/Products/Products/Service/ProductsServiceApi.php on line 48
[19-Dec-2014 10:04:57 America/Sao_Paulo] PHP Stack trace:
[19-Dec-2014 10:04:57 America/Sao_Paulo] PHP   1. {main}() /media/candidosouza/Claudia/Vagrant/code-education/07-DOCTRINE/03-projeto/public/index.php:0
[19-Dec-2014 10:04:57 America/Sao_Paulo] PHP   2. Silex\Application->run() /media/candidosouza/Claudia/Vagrant/code-education/07-DOCTRINE/03-projeto/public/index.php:16
[19-Dec-2014 10:04:57 America/Sao_Paulo] PHP   3. Silex\Application->handle() /media/candidosouza/Claudia/Vagrant/code-education/07-DOCTRINE/03-projeto/vendor/silex/silex/src/Silex/Application.php:515
[19-Dec-2014 10:04:57 America/Sao_Paulo] PHP   4. Symfony\Component\HttpKernel\HttpKernel->handle() /media/candidosouza/Claudia/Vagrant/code-education/07-DOCTRINE/03-projeto/vendor/silex/silex/src/Silex/Application.php:538
[19-Dec-2014 10:04:57 America/Sao_Paulo] PHP   5. Symfony\Component\HttpKernel\HttpKernel->handleRaw() /media/candidosouza/Claudia/Vagrant/code-education/07-DOCTRINE/03-projeto/vendor/symfony/http-kernel/Symfony/Component/HttpKernel/HttpKernel.php:66
[19-Dec-2014 10:04:57 America/Sao_Paulo] PHP   6. call_user_func_array() /media/candidosouza/Claudia/Vagrant/code-education/07-DOCTRINE/03-projeto/vendor/symfony/http-kernel/Symfony/Component/HttpKernel/HttpKernel.php:145
[19-Dec-2014 10:04:57 America/Sao_Paulo] PHP   7. Products\Products\Controllers\ProductsController->Products\Products\Controllers\{closure}() /media/candidosouza/Claudia/Vagrant/code-education/07-DOCTRINE/03-projeto/vendor/symfony/http-kernel/Symfony/Component/HttpKernel/HttpKernel.php:145
[19-Dec-2014 10:04:57 America/Sao_Paulo] PHP   8. Products\Products\Service\ProductsServiceApi->insert() /media/candidosouza/Claudia/Vagrant/code-education/07-DOCTRINE/03-projeto/src/Products/Products/Controllers/ProductsController.php:153
[19-Dec-2014 10:23:58 America/Sao_Paulo] PHP Notice:  Undefined index: tags in /media/candidosouza/Claudia/Vagrant/code-education/07-DOCTRINE/03-projeto/src/Products/Products/Service/ProductsServiceApi.php on line 80
[19-Dec-2014 10:23:58 America/Sao_Paulo] PHP Stack trace:
[19-Dec-2014 10:23:58 America/Sao_Paulo] PHP   1. {main}() /media/candidosouza/Claudia/Vagrant/code-education/07-DOCTRINE/03-projeto/public/index.php:0
[19-Dec-2014 10:23:58 America/Sao_Paulo] PHP   2. Silex\Application->run() /media/candidosouza/Claudia/Vagrant/code-education/07-DOCTRINE/03-projeto/public/index.php:16
[19-Dec-2014 10:23:58 America/Sao_Paulo] PHP   3. Silex\Application->handle() /media/candidosouza/Claudia/Vagrant/code-education/07-DOCTRINE/03-projeto/vendor/silex/silex/src/Silex/Application.php:515
[19-Dec-2014 10:23:58 America/Sao_Paulo] PHP   4. Symfony\Component\HttpKernel\HttpKernel->handle() /media/candidosouza/Claudia/Vagrant/code-education/07-DOCTRINE/03-projeto/vendor/silex/silex/src/Silex/Application.php:538
[19-Dec-2014 10:23:58 America/Sao_Paulo] PHP   5. Symfony\Component\HttpKernel\HttpKernel->handleRaw() /media/candidosouza/Claudia/Vagrant/code-education/07-DOCTRINE/03-projeto/vendor/symfony/http-kernel/Symfony/Component/HttpKernel/HttpKernel.php:66
[19-Dec-2014 10:23:58 America/Sao_Paulo] PHP   6. call_user_func_array() /media/candidosouza/Claudia/Vagrant/code-education/07-DOCTRINE/03-projeto/vendor/symfony/http-kernel/Symfony/Component/HttpKernel/HttpKernel.php:145
[19-Dec-2014 10:23:58 America/Sao_Paulo] PHP   7. Products\Products\Controllers\ProductsController->Products\Products\Controllers\{closure}() /media/candidosouza/Claudia/Vagrant/code-education/07-DOCTRINE/03-projeto/vendor/symfony/http-kernel/Symfony/Component/HttpKernel/HttpKernel.php:145
[19-Dec-2014 10:23:58 America/Sao_Paulo] PHP   8. Products\Products\Service\ProductsServiceApi->update() /media/candidosouza/Claudia/Vagrant/code-education/07-DOCTRINE/03-projeto/src/Products/Products/Controllers/ProductsController.php:185
[19-Dec-2014 10:24:05 America/Sao_Paulo] PHP Notice:  Undefined index: tags in /media/candidosouza/Claudia/Vagrant/code-education/07-DOCTRINE/03-projeto/src/Products/Products/Service/ProductsServiceApi.php on line 80
[19-Dec-2014 10:24:05 America/Sao_Paulo] PHP Stack trace:
[19-Dec-2014 10:24:05 America/Sao_Paulo] PHP   1. {main}() /media/candidosouza/Claudia/Vagrant/code-education/07-DOCTRINE/03-projeto/public/index.php:0
[19-Dec-2014 10:24:05 America/Sao_Paulo] PHP   2. Silex\Application->run() /media/candidosouza/Claudia/Vagrant/code-education/07-DOCTRINE/03-projeto/public/index.php:16
[19-Dec-2014 10:24:05 America/Sao_Paulo] PHP   3. Silex\Application->handle() /media/candidosouza/Claudia/Vagrant/code-education/07-DOCTRINE/03-projeto/vendor/silex/silex/src/Silex/Application.php:515
[19-Dec-2014 10:24:05 America/Sao_Paulo] PHP   4. Symfony\Component\HttpKernel\HttpKernel->handle() /media/candidosouza/Claudia/Vagrant/code-education/07-DOCTRINE/03-projeto/vendor/silex/silex/src/Silex/Application.php:538
[19-Dec-2014 10:24:05 America/Sao_Paulo] PHP   5. Symfony\Component\HttpKernel\HttpKernel->handleRaw() /media/candidosouza/Claudia/Vagrant/code-education/07-DOCTRINE/03-projeto/vendor/symfony/http-kernel/Symfony/Component/HttpKernel/HttpKernel.php:66
[19-Dec-2014 10:24:05 America/Sao_Paulo] PHP   6. call_user_func_array() /media/candidosouza/Claudia/Vagrant/code-education/07-DOCTRINE/03-projeto/vendor/symfony/http-kernel/Symfony/Component/HttpKernel/HttpKernel.php:145
[19-Dec-2014 10:24:05 America/Sao_Paulo] PHP   7. Products\Products\Controllers\ProductsController->Products\Products\Controllers\{closure}() /media/candidosouza/Claudia/Vagrant/code-education/07-DOCTRINE/03-projeto/vendor/symfony/http-kernel/Symfony/Component/HttpKernel/HttpKernel.php:145
[19-Dec-2014 10:24:05 America/Sao_Paulo] PHP   8. Products\Products\Service\ProductsServiceApi->update() /media/candidosouza/Claudia/Vagrant/code-education/07-DOCTRINE/03-projeto/src/Products/Products/Controllers/ProductsController.php:185
